0 verbose cli C:\Program Files\nodejs\node.exe C:\Program Files\nodejs\node_modules\npm\bin\npm-cli.js
1 info using npm@11.11.0
2 info using node@v24.14.1
3 silly config load:file:C:\Program Files\nodejs\node_modules\npm\npmrc
4 silly config load:file:E:\Coding\Wayward\Better Crafting\.npmrc
5 silly config load:file:C:\Users\kylem\.npmrc
6 silly config load:file:C:\Users\kylem\AppData\Roaming\npm\etc\npmrc
7 verbose title npm exec tsc --build --force --pretty tsconfig.json
8 verbose argv "exec" "--yes" "--package" "typescript" "--" "tsc" "--build" "--force" "--pretty" "tsconfig.json"
9 verbose logfile logs-max:10 dir:E:\Coding\Wayward\Better Crafting\.npm-cache\_logs\2026-04-07T20_29_23_669Z-
10 verbose logfile E:\Coding\Wayward\Better Crafting\.npm-cache\_logs\2026-04-07T20_29_23_669Z-debug-0.log
11 silly logfile done cleaning log files
12 silly packumentCache heap:4496293888 maxSize:1124073472 maxEntrySize:562036736
13 verbose shrinkwrap failed to load node_modules/.package-lock.json out of date, updated: node_modules
14 http fetch GET 200 https://registry.npmjs.org/typescript 94ms (cache revalidated)
15 silly packumentCache heap:4496293888 maxSize:1124073472 maxEntrySize:562036736
16 verbose cwd E:\Coding\Wayward\Better Crafting
17 verbose os Windows_NT 10.0.26200
18 verbose node v24.14.1
19 verbose npm  v11.11.0
20 verbose exit 0
21 info ok
