0 verbose cli C:\Program Files\nodejs\node.exe C:\Program Files\nodejs\node_modules\npm\bin\npm-cli.js
1 info using npm@11.11.0
2 info using node@v24.14.1
3 silly config load:file:C:\Program Files\nodejs\node_modules\npm\npmrc
4 silly config load:file:E:\Coding\Wayward\Better Crafting\.npmrc
5 silly config load:file:C:\Users\kylem\.npmrc
6 silly config load:file:C:\Users\kylem\AppData\Roaming\npm\etc\npmrc
7 verbose title npm exec tsc --build --force --pretty tsconfig.json
8 verbose argv "exec" "--yes" "--package" "typescript" "--" "tsc" "--build" "--force" "--pretty" "tsconfig.json"
9 verbose logfile logs-max:10 dir:E:\Coding\Wayward\Better Crafting\.npm-cache\_logs\2026-04-07T20_28_00_493Z-
10 verbose logfile E:\Coding\Wayward\Better Crafting\.npm-cache\_logs\2026-04-07T20_28_00_493Z-debug-0.log
11 silly logfile done cleaning log files
12 silly packumentCache heap:4496293888 maxSize:1124073472 maxEntrySize:562036736
13 verbose shrinkwrap failed to load node_modules/.package-lock.json out of date, updated: node_modules
14 http fetch GET 200 https://registry.npmjs.org/typescript 223ms (cache miss)
15 silly packumentCache heap:4496293888 maxSize:1124073472 maxEntrySize:562036736
16 silly idealTree buildDeps
17 silly fetch manifest typescript@6.0.2
18 silly packumentCache full:https://registry.npmjs.org/typescript cache-miss
19 http fetch GET 200 https://registry.npmjs.org/typescript 261ms (cache miss)
20 silly packumentCache full:https://registry.npmjs.org/typescript set size:undefined disposed:false
21 silly placeDep ROOT typescript@6.0.2 OK for:  want: 6.0.2
22 silly reify moves {}
23 silly audit bulk request { typescript: [ '6.0.2' ] }
24 http cache typescript@https://registry.npmjs.org/typescript/-/typescript-6.0.2.tgz 0ms (cache hit)
25 silly tarball no local data for typescript@https://registry.npmjs.org/typescript/-/typescript-6.0.2.tgz. Extracting by manifest.
26 http fetch POST 200 https://registry.npmjs.org/-/npm/v1/security/advisories/bulk 368ms
27 silly audit report {}
28 http fetch GET 200 https://registry.npmjs.org/typescript/-/typescript-6.0.2.tgz 1873ms (cache miss)
29 verbose cwd E:\Coding\Wayward\Better Crafting
30 verbose os Windows_NT 10.0.26200
31 verbose node v24.14.1
32 verbose npm  v11.11.0
33 verbose exit 0
34 info ok
